app/build/intermediates/manifest_merge_blame_file/debug/manifest-merger-blame-debug-report.txt
1<?xml version="1.0" encoding="utf-8"?>
2<manifest xmlns:android="http://schemas.android.com/apk/res/android"
3    xmlns:dist="http://schemas.android.com/apk/distribution"
4    package="e.kailina.unitconvertor"
5    android:versionCode="1"
6    android:versionName="1.0" >
7
8    <uses-sdk
9        android:minSdkVersion="16"
9-->src/main/AndroidManifest.xml
10        android:targetSdkVersion="29" />
10-->src/main/AndroidManifest.xml
11
12    <dist:module dist:instant="true" />
12-->src/main/AndroidManifest.xml:7:5-40
12-->src/main/AndroidManifest.xml:7:18-37
13
14    <application
14-->src/main/AndroidManifest.xml:9:5-36:19
15        android:allowBackup="true"
15-->src/main/AndroidManifest.xml:10:9-35
16        android:appComponentFactory="androidx.core.app.CoreComponentFactory"
16-->[androidx.core:core:1.3.1] AndroidManifest.xml:24:18-86
17        android:debuggable="true"
18        android:icon="@mipmap/ic_launcher"
18-->src/main/AndroidManifest.xml:11:9-43
19        android:label="@string/app_name"
19-->src/main/AndroidManifest.xml:12:9-41
20        android:roundIcon="@mipmap/ic_launcher_round"
20-->src/main/AndroidManifest.xml:13:9-54
21        android:supportsRtl="true"
21-->src/main/AndroidManifest.xml:14:9-35
22        android:testOnly="true"
23        android:theme="@style/AppTheme" >
23-->src/main/AndroidManifest.xml:15:9-40
24        <activity
24-->src/main/AndroidManifest.xml:17:9-20:58
25            android:name="e.kailina.unitconvertor.Activity4"
25-->src/main/AndroidManifest.xml:18:13-38
26            android:label="Information"
26-->src/main/AndroidManifest.xml:19:13-40
27            android:parentActivityName="e.kailina.unitconvertor.MainActivity" />
27-->src/main/AndroidManifest.xml:20:13-55
28        <activity
28-->src/main/AndroidManifest.xml:21:9-24:58
29            android:name="e.kailina.unitconvertor.Activity3"
29-->src/main/AndroidManifest.xml:22:13-38
30            android:label="Kilometer to Mile"
30-->src/main/AndroidManifest.xml:23:13-46
31            android:parentActivityName="e.kailina.unitconvertor.MainActivity" />
31-->src/main/AndroidManifest.xml:24:13-55
32        <activity
32-->src/main/AndroidManifest.xml:25:9-28:58
33            android:name="e.kailina.unitconvertor.Activity2"
33-->src/main/AndroidManifest.xml:26:13-38
34            android:label="Kilogram to Pound"
34-->src/main/AndroidManifest.xml:27:13-46
35            android:parentActivityName="e.kailina.unitconvertor.MainActivity" />
35-->src/main/AndroidManifest.xml:28:13-55
36        <activity android:name="e.kailina.unitconvertor.MainActivity" >
36-->src/main/AndroidManifest.xml:29:9-35:20
36-->src/main/AndroidManifest.xml:29:19-47
37            <intent-filter>
37-->src/main/AndroidManifest.xml:30:13-34:29
38                <action android:name="android.intent.action.MAIN" />
38-->src/main/AndroidManifest.xml:31:17-69
38-->src/main/AndroidManifest.xml:31:25-66
39
40                <category android:name="android.intent.category.LAUNCHER" />
40-->src/main/AndroidManifest.xml:33:17-77
40-->src/main/AndroidManifest.xml:33:27-74
41            </intent-filter>
42        </activity>
43    </application>
44
45</manifest>